=~=~=~=~=~=~=~=~=~=~=~= PuTTY log 2025.07.01 20:40:46 =~=~=~=~=~=~=~=~=~=~=~=
ets Jun  8 2016 00:22:57

rst:0x1 (POWERON_RESET),boot:0x13 (SPI_FAST_FLASH_BOOT)
configsip: 0, SPIWP:0xee
clk_drv:0x00,q_drv:0x00,d_drv:0x00,cs0_drv:0x00,hd_drv:0x00,wp_drv:0x00
mode:DIO, clock div:2
load:0x3fff0030,len:1184
load:0x40078000,len:13232
load:0x40080400,len:3028
entry 0x400805e4
0.0, 1.01, 0.22
0.3, 1.01, 0.26
0.5, 1.01, 0.25
0.7, 1.01, 0.48
0.9, 0.00, 0.88
1.1, 1.01, 1.01
1.3, 1.01, 0.89
1.5, 1.01, 0.80
1.7, 1.01, 0.79
1.9, 1.01, 0.86
2.1, 1.01, 0.96
2.3, 1.01, 1.04
2.5, 1.01, 1.07
2.7, 1.01, 1.04
2.9, 1.01, 0.97
3.1, 1.01, 0.90
3.3, 1.01, 0.86
3.5, 1.01, 0.86
3.7, 1.01, 0.90
3.9, 1.01, 0.96
4.1, 1.01, 1.00
4.3, 1.01, 1.02
4.5, 1.01, 1.00
4.7, 1.01, 0.95
4.9, 1.01, 0.92
5.1, 1.01, 0.89
5.3, 1.01, 0.90
5.5, 1.01, 0.93
5.7, 1.01, 0.96
5.9, 1.01, 0.98
6.1, 1.01, 0.98
6.3, 1.01, 0.97
6.5, 1.01, 0.95
6.7, 1.01, 0.93
6.9, 1.01, 0.92
7.1, 1.01, 0.93
7.3, 1.01, 0.94
7.5, 1.01, 0.96
7.7, 1.01, 0.97
7.9, 1.01, 0.97
8.1, 1.01, 0.96
8.3, 1.01, 0.94
8.5, 1.01, 0.93
8.7, 1.01, 0.93
8.9, 1.01, 0.94
9.1, 1.01, 0.94
9.3, 1.01, 0.96
9.5, 1.01, 0.97
9.7, 1.01, 0.97
9.9, 1.01, 0.96
10.1, 1.01, 0.94
10.3, 1.01, 0.94
10.5, 1.01, 0.93
10.7, 1.01, 0.94
10.9, 1.01, 0.95
11.1, 1.01, 0.96
11.3, 1.01, 0.96
11.5, 1.01, 0.95
11.7, 1.01, 0.95
11.9, 1.01, 0.94
12.1, 1.01, 0.94
12.3, 1.01, 0.94
12.5, 1.01, 0.94
12.7, 1.01, 0.95
12.9, 1.01, 0.95
13.1, 1.01, 0.95
13.3, 1.01, 0.95
13.5, 1.01, 0.95
13.7, 1.01, 0.94
13.9, 1.01, 0.95
14.1, 1.01, 0.95
14.3, 1.01, 0.94
14.5, 1.01, 0.95
14.7, 1.01, 0.95
14.9, 1.01, 0.96
15.1, 1.01, 0.96
15.3, 1.01, 0.95
15.5, 1.01, 0.94
15.7, 1.01, 0.94
15.9, 1.01, 0.94
16.1, 1.01, 0.94
16.3, 1.01, 0.95
16.5, 1.01, 0.95
16.7, 1.01, 0.95
16.9, 1.01, 0.95
17.1, 1.01, 0.95
17.3, 1.01, 0.95
17.5, 1.01, 0.94
17.7, 1.01, 0.94
17.9, 1.01, 0.95
18.1, 1.01, 0.95
18.3, 1.01, 0.96
18.5, 1.01, 0.95
18.7, 1.01, 0.95
18.9, 1.01, 0.94
19.1, 1.01, 0.95
19.3, 1.01, 0.94
19.5, 1.01, 0.94
19.7, 1.01, 0.95
19.9, 1.01, 0.94
20.1, 1.01, 0.95
20.4, 1.01, 0.95
20.6, 1.01, 0.95
20.8, 1.01, 0.95
21.0, 1.01, 0.95
21.2, 1.01, 0.95
21.4, 1.01, 0.94
21.6, 1.01, 0.95
21.8, 1.01, 0.95
22.0, 1.01, 0.95
22.2, 1.01, 0.95
22.4, 1.01, 0.95
22.6, 1.01, 0.95
22.8, 1.01, 0.95
23.0, 1.01, 0.94
23.2, 1.01, 0.94
23.4, 1.01, 0.95
23.6, 1.01, 0.94
23.8, 1.01, 0.95
24.0, 1.01, 0.95
24.2, 1.01, 0.95
24.4, 1.01, 0.95
24.6, 1.01, 0.95
24.8, 1.01, 0.94
25.0, 1.01, 0.95
25.2, 1.01, 0.94
25.4, 1.01, 0.94
25.6, 1.01, 0.95
25.8, 1.01, 0.95
26.0, 1.01, 0.95
26.2, 1.01, 0.95
26.4, 1.01, 0.95
26.6, 1.01, 0.94
26.8, 1.01, 0.95
27.0, 1.01, 0.95
27.2, 1.01, 0.95
27.4, 1.01, 0.95
27.6, 1.01, 0.95
27.8, 1.01, 0.95
28.0, 1.01, 0.95
28.2, 1.01, 0.95
28.4, 1.01, 0.94
28.6, 1.01, 0.94
28.8, 1.01, 0.95
29.0, 1.01, 0.95
29.2, 1.01, 0.95
29.4, 1.01, 0.95
29.6, 1.01, 0.95
29.8, 1.01, 0.94
30.0, 1.01, 0.94
30.2, 1.01, 0.95
30.4, 1.01, 0.95
30.6, 1.01, 0.95
30.8, 1.01, 0.95
31.0, 1.01, 0.95
31.2, 1.01, 0.95
31.4, 1.01, 0.95
31.6, 1.01, 0.94
31.8, 1.01, 0.94
32.0, 1.01, 0.95
32.2, 1.01, 0.95
32.4, 1.01, 0.96
32.6, 1.01, 0.95
32.8, 1.01, 0.95
33.0, 1.01, 0.94
33.2, 1.01, 0.94
33.4, 1.01, 0.94
33.6, 1.01, 0.94
33.8, 1.01, 0.95
34.0, 1.01, 0.94
34.2, 1.01, 0.94
34.4, 1.01, 0.94
34.6, 1.01, 0.95
34.8, 1.01, 0.97
35.0, 1.01, 0.96
35.2, 1.01, 0.95
35.4, 1.01, 0.94
35.6, 1.01, 0.94
35.8, 1.01, 0.93
36.0, 1.01, 0.94
36.2, 1.01, 0.95
36.4, 1.01, 0.97
36.6, 1.01, 0.96
36.8, 1.01, 0.95
37.0, 1.01, 0.94
37.2, 1.01, 0.94
37.4, 1.01, 0.94
37.6, 1.01, 0.94
37.8, 1.01, 0.95
38.0, 1.01, 0.95
38.2, 1.01, 0.96
38.4, 1.01, 0.95
38.6, 1.01, 0.95
38.8, 1.01, 0.95
39.0, 1.01, 0.95
39.2, 1.01, 0.94
39.4, 1.01, 0.94
39.6, 1.01, 0.94
39.8, 1.01, 0.94
40.0, 1.01, 0.95
40.2, 1.01, 0.95
40.5, 1.01, 0.96
40.7, 1.01, 0.96
40.9, 1.01, 0.95
41.1, 1.01, 0.94
41.3, 1.01, 0.94
41.5, 1.01, 0.94
41.7, 1.01, 0.94
41.9, 1.01, 0.95
42.1, 1.01, 0.96
42.3, 1.01, 0.95
42.5, 1.01, 0.95
42.7, 1.01, 0.95
42.9, 1.01, 0.95
43.1, 1.01, 0.94
43.3, 1.01, 0.94
43.5, 1.01, 0.94
43.7, 1.01, 0.94
43.9, 1.01, 0.95
44.1, 1.01, 0.95
44.3, 1.01, 0.95
44.5, 1.01, 0.94
44.7, 1.01, 0.95
44.9, 1.01, 0.95
45.1, 1.01, 0.95
45.3, 1.01, 0.95
45.5, 1.01, 0.96
45.7, 1.01, 0.95
45.9, 1.01, 0.95
46.1, 1.01, 0.95
46.3, 1.01, 0.94
46.5, 1.01, 0.94
46.7, 1.01, 0.94
46.9, 1.01, 0.95
47.1, 1.01, 0.95
47.3, 1.01, 0.96
47.5, 1.01, 0.94
47.7, 1.01, 0.94
47.9, 1.01, 0.94
48.1, 1.01, 0.95
48.3, 1.01, 0.95
48.5, 1.01, 0.95
48.7, 1.01, 0.95
48.9, 1.01, 0.95
49.1, 1.01, 0.95
49.3, 1.01, 0.94
49.5, 1.01, 0.95
49.7, 1.01, 0.95
49.9, 1.01, 0.95
50.1, 1.01, 0.95
50.3, 1.01, 0.95
50.5, 1.01, 0.95
50.7, 1.01, 0.94
50.9, 1.01, 0.95